<?xml version="1.0" encoding="UTF-8"?><testsuite errors="0" failures="1" name="Lookup a definition" skipped="1" tests="4" time="30.17" timestamp="2015-12-350 11:48:56"><testcase name="Looking up the definition of 'apple'"/><testcase name="Looking up the definition of 'pear'"/><testcase name="Looking up the definition of 'peach'"><failure message="&#10;Expected: a collection containing a string containing &quot;An edible fruit produced by the peach tree, similar to an apple but elongated towards the stem.&quot;&#10;     but: was &quot;A tree (Prunus persica), native to China and now widely cultivated throughout temperate regions, having pink flowers and edible fruit.&quot;, was &quot;The soft juicy stone fruit of the peach tree, having yellow flesh, downy, red-tinted yellow skin, and a deeply sculptured pit or stone containing a single seed.  [quotations ▼]&quot;, was &quot;&quot;, was &quot;A light moderate to strong yellowish pink to light orange color.&#10;peach colour:    &quot;, was &quot;(informal) A particularly admirable or pleasing person or thing.  [quotations ▼]&quot;, was &quot;&quot;, was &quot;The large, edible berry of the Sarcocephalus esculentus, a rubiaceous climbing shrub of west tropical Africa.&quot;" type="java.lang.AssertionError">
Expected: a collection containing a string containing "An edible fruit produced by the peach tree, similar to an apple but elongated towards the stem."
     but: was "A tree (Prunus persica), native to China and now widely cultivated throughout temperate regions, having pink flowers and edible fruit.", was "The soft juicy stone fruit of the peach tree, having yellow flesh, downy, red-tinted yellow skin, and a deeply sculptured pit or stone containing a single seed.  [quotations ▼]", was "", was "A light moderate to strong yellowish pink to light orange color.
peach colour:    ", was "(informal) A particularly admirable or pleasing person or thing.  [quotations ▼]", was "", was "The large, edible berry of the Sarcocephalus esculentus, a rubiaceous climbing shrub of west tropical Africa."</failure><system-err>
Expected: a collection containing a string containing "An edible fruit produced by the peach tree, similar to an apple but elongated towards the stem."
     but: was "A tree (Prunus persica), native to China and now widely cultivated throughout temperate regions, having pink flowers and edible fruit.", was "The soft juicy stone fruit of the peach tree, having yellow flesh, downy, red-tinted yellow skin, and a deeply sculptured pit or stone containing a single seed.  [quotations ▼]", was "", was "A light moderate to strong yellowish pink to light orange color.
peach colour:    ", was "(informal) A particularly admirable or pleasing person or thing.  [quotations ▼]", was "", was "The large, edible berry of the Sarcocephalus esculentus, a rubiaceous climbing shrub of west tropical Africa."
org.agenturbell.steps.serenity.EndUserSteps.should_see_definition(EndUserSteps.java:27)
org.agenturbell.steps.DefinitionSteps.thenTheyShouldSeeADefinitionContainingTheWords(DefinitionSteps.java:27)
</system-err></testcase><testcase name="The user fails to enter a term"><skipped/></testcase></testsuite>